<something>
	<something-else>testing</something-else>
</something>