<something root_attribute="12">
	<something-else child_attribute="15">testing</something-else>
</something>