<ListBucketResult xmlns="http://s3.amazonaws.com/doc/2006-03-01/">
  <Name>projectionist</Name>
  <Prefix/>
  <Marker/>
  <MaxKeys>1000</MaxKeys>
  <IsTruncated>false</IsTruncated>
  <Contents>
    <Key>1973-plymouth-satellite-sebring.jpg</Key>
    <LastModified>2006-11-15T05:49:39.000Z</LastModified>
    <ETag>"2ac1aa042e20ab7e1a9879b0df9f17b7"</ETag>
    <Size>186870</Size>
    <Owner>
      <ID>bb2041a25975c3d4ce9775fe9e93e5b77a6a9fad97dc7e00686191f3790b13f1</ID>
      <DisplayName>noradio</DisplayName>
    </Owner>
    <StorageClass>STANDARD</StorageClass>
  </Contents>
  <Contents>
    <Key>37-cluster.jpg</Key>
    <LastModified>2006-11-15T05:51:20.000Z</LastModified>
    <ETag>"4ead118ba91491f9c9697153264a1943"</ETag>
    <Size>43562</Size>
    <Owner>
      <ID>bb2041a25975c3d4ce9775fe9e93e5b77a6a9fad97dc7e00686191f3790b13f1</ID>
      <DisplayName>noradio</DisplayName>
    </Owner>
    <StorageClass>STANDARD</StorageClass>
  </Contents>
</ListBucketResult>